# JRE version: Java(TM) SE Runtime Environment (8.0_181-b13) (build 1.8.0_181-b13)
# Java VM: Java HotSpot(TM) 64-Bit Server VM (25.181-b13 mixed mode windows-amd64 compressed oops)
Heap:
 PSYoungGen      total 180224K, used 12771K [0x00000000d5d00000, 0x00000000e1e80000, 0x0000000100000000)
  eden space 167424K, 0% used [0x00000000d5d00000,0x00000000d5d00000,0x00000000e0080000)
  from space 12800K, 99% used [0x00000000e1000000,0x00000000e1c78f90,0x00000000e1c80000)
  to   space 15360K, 0% used [0x00000000e0080000,0x00000000e0080000,0x00000000e0f80000)
 ParOldGen       total 58880K, used 15495K [0x0000000081600000, 0x0000000084f80000, 0x00000000d5d00000)
  object space 58880K, 26% used [0x0000000081600000,0x0000000082521e90,0x0000000084f80000)
 Metaspace       used 33292K, capacity 35316K, committed 35456K, reserved 1079296K
  class space    used 4473K, capacity 4872K, committed 4992K, reserved 1048576K
GC Heap History (10 events):
Event: 5.902 GC heap after
Heap after GC invocations=5 (full 1):
 PSYoungGen      total 71680K, used 0K [0x00000000d5d00000, 0x00000000da800000, 0x0000000100000000)
  eden space 66560K, 0% used [0x00000000d5d00000,0x00000000d5d00000,0x00000000d9e00000)
  from space 5120K, 0% used [0x00000000da300000,0x00000000da300000,0x00000000da800000)
  to   space 5120K, 0% used [0x00000000d9e00000,0x00000000d9e00000,0x00000000da300000)
 ParOldGen       total 58880K, used 7654K [0x0000000081600000, 0x0000000084f80000, 0x00000000d5d00000)
  object space 58880K, 13% used [0x0000000081600000,0x0000000081d799d0,0x0000000084f80000)
 Metaspace       used 20199K, capacity 21232K, committed 21296K, reserved 1067008K
  class space    used 2657K, capacity 2896K, committed 2944K, reserved 1048576K
}
Event: 6.934 GC heap before
{Heap before GC invocations=6 (full 1):
 PSYoungGen      total 71680K, used 66560K [0x00000000d5d00000, 0x00000000da800000, 0x0000000100000000)
  eden space 66560K, 100% used [0x00000000d5d00000,0x00000000d9e00000,0x00000000d9e00000)
  from space 5120K, 0% used [0x00000000da300000,0x00000000da300000,0x00000000da800000)
  to   space 5120K, 0% used [0x00000000d9e00000,0x00000000d9e00000,0x00000000da300000)
 ParOldGen       total 58880K, used 7654K [0x0000000081600000, 0x0000000084f80000, 0x00000000d5d00000)
  object space 58880K, 13% used [0x0000000081600000,0x0000000081d799d0,0x0000000084f80000)
 Metaspace       used 21992K, capacity 23216K, committed 23424K, reserved 1069056K
  class space    used 2896K, capacity 3152K, committed 3200K, reserved 1048576K
Event: 6.940 GC heap after
Heap after GC invocations=6 (full 1):
 PSYoungGen      total 71680K, used 5110K [0x00000000d5d00000, 0x00000000dd480000, 0x0000000100000000)
  eden space 66560K, 0% used [0x00000000d5d00000,0x00000000d5d00000,0x00000000d9e00000)
  from space 5120K, 99% used [0x00000000d9e00000,0x00000000da2fd988,0x00000000da300000)
  to   space 9216K, 0% used [0x00000000dcb80000,0x00000000dcb80000,0x00000000dd480000)
 ParOldGen       total 58880K, used 8888K [0x0000000081600000, 0x0000000084f80000, 0x00000000d5d00000)
  object space 58880K, 15% used [0x0000000081600000,0x0000000081eae368,0x0000000084f80000)
 Metaspace       used 21992K, capacity 23216K, committed 23424K, reserved 1069056K
  class space    used 2896K, capacity 3152K, committed 3200K, reserved 1048576K
}
Event: 7.618 GC heap before
{Heap before GC invocations=7 (full 1):
 PSYoungGen      total 71680K, used 71670K [0x00000000d5d00000, 0x00000000dd480000, 0x0000000100000000)
  eden space 66560K, 100% used [0x00000000d5d00000,0x00000000d9e00000,0x00000000d9e00000)
  from space 5120K, 99% used [0x00000000d9e00000,0x00000000da2fd988,0x00000000da300000)
  to   space 9216K, 0% used [0x00000000dcb80000,0x00000000dcb80000,0x00000000dd480000)
 ParOldGen       total 58880K, used 8888K [0x0000000081600000, 0x0000000084f80000, 0x00000000d5d00000)
  object space 58880K, 15% used [0x0000000081600000,0x0000000081eae368,0x0000000084f80000)
 Metaspace       used 23848K, capacity 25100K, committed 25344K, reserved 1071104K
  class space    used 3178K, capacity 3466K, committed 3584K, reserved 1048576K
Event: 7.627 GC heap after
Heap after GC invocations=7 (full 1):
 PSYoungGen      total 112640K, used 8356K [0x00000000d5d00000, 0x00000000dd780000, 0x0000000100000000)
  eden space 103424K, 0% used [0x00000000d5d00000,0x00000000d5d00000,0x00000000dc200000)
  from space 9216K, 90% used [0x00000000dcb80000,0x00000000dd3a90b0,0x00000000dd480000)
  to   space 9728K, 0% used [0x00000000dc200000,0x00000000dc200000,0x00000000dcb80000)
 ParOldGen       total 58880K, used 8896K [0x0000000081600000, 0x0000000084f80000, 0x00000000d5d00000)
  object space 58880K, 15% used [0x0000000081600000,0x0000000081eb0368,0x0000000084f80000)
 Metaspace       used 23848K, capacity 25100K, committed 25344K, reserved 1071104K
  class space    used 3178K, capacity 3466K, committed 3584K, reserved 1048576K
}
Event: 9.257 GC heap before
{Heap before GC invocations=8 (full 1):
 PSYoungGen      total 112640K, used 111780K [0x00000000d5d00000, 0x00000000dd780000, 0x0000000100000000)
  eden space 103424K, 100% used [0x00000000d5d00000,0x00000000dc200000,0x00000000dc200000)
  from space 9216K, 90% used [0x00000000dcb80000,0x00000000dd3a90b0,0x00000000dd480000)
  to   space 9728K, 0% used [0x00000000dc200000,0x00000000dc200000,0x00000000dcb80000)
 ParOldGen       total 58880K, used 8896K [0x0000000081600000, 0x0000000084f80000, 0x00000000d5d00000)
  object space 58880K, 15% used [0x0000000081600000,0x0000000081eb0368,0x0000000084f80000)
 Metaspace       used 29324K, capacity 31054K, committed 31232K, reserved 1077248K
  class space    used 3964K, capacity 4321K, committed 4352K, reserved 1048576K
Event: 9.295 GC heap after
Heap after GC invocations=8 (full 1):
 PSYoungGen      total 113152K, used 9726K [0x00000000d5d00000, 0x00000000e1c80000, 0x0000000100000000)
  eden space 103424K, 0% used [0x00000000d5d00000,0x00000000d5d00000,0x00000000dc200000)
  from space 9728K, 99% used [0x00000000dc200000,0x00000000dcb7f990,0x00000000dcb80000)
  to   space 12800K, 0% used [0x00000000e1000000,0x00000000e1000000,0x00000000e1c80000)
 ParOldGen       total 58880K, used 13156K [0x0000000081600000, 0x0000000084f80000, 0x00000000d5d00000)
  object space 58880K, 22% used [0x0000000081600000,0x00000000822d93e0,0x0000000084f80000)
 Metaspace       used 29324K, capacity 31054K, committed 31232K, reserved 1077248K
  class space    used 3964K, capacity 4321K, committed 4352K, reserved 1048576K
}
Event: 11.901 GC heap before
{Heap before GC invocations=9 (full 1):
 PSYoungGen      total 113152K, used 97822K [0x00000000d5d00000, 0x00000000e1c80000, 0x0000000100000000)
  eden space 103424K, 85% used [0x00000000d5d00000,0x00000000db308010,0x00000000dc200000)
  from space 9728K, 99% used [0x00000000dc200000,0x00000000dcb7f990,0x00000000dcb80000)
  to   space 12800K, 0% used [0x00000000e1000000,0x00000000e1000000,0x00000000e1c80000)
 ParOldGen       total 58880K, used 13156K [0x0000000081600000, 0x0000000084f80000, 0x00000000d5d00000)
  object space 58880K, 22% used [0x0000000081600000,0x00000000822d93e0,0x0000000084f80000)
 Metaspace       used 33292K, capacity 35316K, committed 35456K, reserved 1079296K
  class space    used 4473K, capacity 4872K, committed 4992K, reserved 1048576K
Event: 11.920 GC heap after
Heap after GC invocations=9 (full 1):
 PSYoungGen      total 180224K, used 12771K [0x00000000d5d00000, 0x00000000e1e80000, 0x0000000100000000)
  eden space 167424K, 0% used [0x00000000d5d00000,0x00000000d5d00000,0x00000000e0080000)
  from space 12800K, 99% used [0x00000000e1000000,0x00000000e1c78f90,0x00000000e1c80000)
  to   space 15360K, 0% used [0x00000000e0080000,0x00000000e0080000,0x00000000e0f80000)
 ParOldGen       total 58880K, used 15495K [0x0000000081600000, 0x0000000084f80000, 0x00000000d5d00000)
  object space 58880K, 26% used [0x0000000081600000,0x0000000082521e90,0x0000000084f80000)
 Metaspace       used 33292K, capacity 35316K, committed 35456K, reserved 1079296K
  class space    used 4473K, capacity 4872K, committed 4992K, reserved 1048576K
}
Event: 11.920 GC heap before
{Heap before GC invocations=10 (full 2):
 PSYoungGen      total 180224K, used 12771K [0x00000000d5d00000, 0x00000000e1e80000, 0x0000000100000000)
  eden space 167424K, 0% used [0x00000000d5d00000,0x00000000d5d00000,0x00000000e0080000)
  from space 12800K, 99% used [0x00000000e1000000,0x00000000e1c78f90,0x00000000e1c80000)
  to   space 15360K, 0% used [0x00000000e0080000,0x00000000e0080000,0x00000000e0f80000)
 ParOldGen       total 58880K, used 15495K [0x0000000081600000, 0x0000000084f80000, 0x00000000d5d00000)
  object space 58880K, 26% used [0x0000000081600000,0x0000000082521e90,0x0000000084f80000)
 Metaspace       used 33292K, capacity 35316K, committed 35456K, reserved 1079296K
  class space    used 4473K, capacity 4872K, committed 4992K, reserved 1048576K

